<?xml version="1.0" encoding="utf-8"?><testsuites name="pytest tests"><testsuite name="pytest" errors="0" failures="0" skipped="0" tests="295" time="25.604" timestamp="2026-08-11T20:40:46.513230+09:00" hostname="hoengzzang"><testcase classname="tests.test_action_bias_search" name="test_seeded_candidates_keep_zero_and_antithetic_pairs" time="0.001" /><testcase classname="tests.test_action_bias_search" name="test_single_candidate_is_always_the_zero_baseline_in_both_modes" time="0.000" /><testcase classname="tests.test_action_bias_search" name="test_target_yaw_accepts_closed_principal_range_and_rejects_nonfinite" time="0.001" /><testcase classname="tests.test_action_bias_search" name="test_candidate_generation_validation_and_non_antithetic_sampling" time="0.000" /><testcase classname="tests.test_action_bias_search" name="test_temporal_schedule_is_seeded_frame_varying_and_full_sequence_antithetic" time="0.001" /><testcase classname="tests.test_action_bias_search" name="test_bias_mode_step_resolution_and_checkpoint_patch_contract" time="0.000" /><testcase classname="tests.test_action_bias_search" name="test_temporal_bias_statistics_are_complete_and_finite" time="0.001" /><testcase classname="tests.test_action_bias_search" name="test_candidate_ranking_requires_success_then_completion_and_stable_ties" time="0.000" /><testcase classname="tests.test_action_bias_search" name="test_bias_statistics_reject_nonfinite_values" time="0.000" /><testcase classname="tests.test_action_bias_search" name="test_actor_output_bias_resolution_is_topology_and_shape_checked" time="0.000" /><testcase classname="tests.test_action_bias_search" name="test_checkpoint_patch_preserves_source_and_only_changes_final_actor_bias" time="0.005" /><testcase classname="tests.test_action_bias_search" name="test_checkpoint_patch_rejects_destination_escape" time="0.001" /><testcase classname="tests.test_action_bias_search" name="test_actor_output_scale_checkpoint_changes_only_final_affine_layer" time="0.004" /><testcase classname="tests.test_batch" name="test_deterministic_split_order_max_items_and_atomic_reports" time="0.011" /><testcase classname="tests.test_batch" name="test_resume_reuses_only_valid_artifacts_and_force_regenerates" time="0.013" /><testcase classname="tests.test_batch" name="test_resume_false_existing_output_is_an_isolated_item_failure" time="0.008" /><testcase classname="tests.test_batch" name="test_source_checksum_failure_does_not_stop_later_items" time="0.006" /><testcase classname="tests.test_batch" name="test_manifest_leakage_and_nonlocal_output_are_rejected_before_work" time="0.002" /><testcase classname="tests.test_batch" name="test_max_items_zero_writes_empty_aggregate_without_stage_calls" time="0.003" /><testcase classname="tests.test_cli_final_status" name="test_gate5_snapshot_rehashes_unique_artifacts_and_detects_mutation" time="0.001" /><testcase classname="tests.test_cli_final_status" name="test_gate5_snapshot_rejects_path_escape" time="0.001" /><testcase classname="tests.test_contact_aware_repair" name="test_exact_torch_inertial_com_matches_v29_static_signal" time="0.070" /><testcase classname="tests.test_contact_aware_repair" name="test_differentiable_centroidal_path_matches_exact_v29_serialized_path" time="0.096" /><testcase classname="tests.test_contact_aware_repair" name="test_static_exact_pass_has_zero_seed_and_identity_preserves_contract" time="0.084" /><testcase classname="tests.test_contact_aware_repair" name="test_published_v30_archive_is_consumed_by_training_and_evaluation_input_path" time="0.134" /><testcase classname="tests.test_contact_aware_repair" name="test_test_split_is_not_opened_without_explicit_validation_witness" time="0.001" /><testcase classname="tests.test_contact_aware_repair" name="test_low_level_test_derivation_cannot_bypass_one_shot_builder" time="0.047" /><testcase classname="tests.test_contact_aware_repair" name="test_world_contact_anchor_gate_closes_uniform_root_lift_loophole" time="0.081" /><testcase classname="tests.test_contact_aware_repair" name="test_serialized_root_xy_trust_region_is_radial_not_per_axis" time="0.059" /><testcase classname="tests.test_contact_aware_repair" name="test_seed_trust_region_quarantines_instead_of_silent_clipping" time="0.062" /><testcase classname="tests.test_contact_aware_repair" name="test_opposing_zmp_and_capture_targets_cannot_cancel_seed_trust_gate" time="0.075" /><testcase classname="tests.test_contact_aware_repair" name="test_test_receipt_creation_is_exclusive" time="0.003" /><testcase classname="tests.test_contact_aware_repair" name="test_validation_manifest_overrides_are_rejected_before_any_manifest_open" time="0.001" /><testcase classname="tests.test_contact_aware_repair" name="test_canonical_validation_registry_rejects_manifest_metadata_forgery" time="0.001" /><testcase classname="tests.test_contact_aware_repair" name="test_v28_record_metadata_must_match_serialized_archive_scalars" time="0.047" /><testcase classname="tests.test_contact_aware_repair" name="test_forged_validation_witness_without_declared_plan_cannot_unlock_test" time="0.013" /><testcase classname="tests.test_contact_aware_repair" name="test_stale_validation_archive_cannot_unlock_test" time="0.012" /><testcase classname="tests.test_contact_aware_repair" name="test_holdout_quarantine_is_failed_acceptance_and_production_cli_is_disabled[validation-counts0]" time="0.000" /><testcase classname="tests.test_contact_aware_repair" name="test_holdout_quarantine_is_failed_acceptance_and_production_cli_is_disabled[validation-counts1]" time="0.000" /><testcase classname="tests.test_contact_aware_repair" name="test_holdout_quarantine_is_failed_acceptance_and_production_cli_is_disabled[test-counts2]" time="0.000" /><testcase classname="tests.test_contact_feasibility" name="test_exact_urdf_inertials_include_fixed_children_without_scipy" time="0.001" /><testcase classname="tests.test_contact_feasibility" name="test_quaternion_rotation_and_five_frame_quadratic_derivatives_are_exact" time="0.001" /><testcase classname="tests.test_contact_feasibility" name="test_support_signed_distance_handles_polygon_segment_and_point" time="0.000" /><testcase classname="tests.test_contact_feasibility" name="test_uniform_slowdown_can_move_centroidal_zmp_out_of_single_support" time="0.000" /><testcase classname="tests.test_contact_feasibility" name="test_audit_only_is_default_and_manifest_publication_is_opt_in" time="0.071" /><testcase classname="tests.test_contact_feasibility" name="test_validation_requires_unchanged_train_frozen_policy" time="0.095" /><testcase classname="tests.test_contact_feasibility" name="test_train_and_validation_invocations_never_open_test_paths" time="0.111" /><testcase classname="tests.test_contact_feasibility" name="test_current_qk_validation_reference_is_quarantined_without_name_exception" time="0.069" /><testcase classname="tests.test_dynamic_retime" name="test_frozen_formula_uses_segment_rates_and_quantized_scale" time="0.024" /><testcase classname="tests.test_dynamic_retime" name="test_flight_policy_is_fail_closed_at_three_frames" time="0.049" /><testcase classname="tests.test_dynamic_retime" name="test_retime_grid_preserves_50hz_endpoint_with_realized_headroom" time="0.000" /><testcase classname="tests.test_dynamic_retime" name="test_uniform_retime_recomputes_fk_and_passes_independent_gate3" time="0.144" /><testcase classname="tests.test_dynamic_retime" name="test_identity_derivative_preserves_every_frame_aligned_array" time="0.075" /><testcase classname="tests.test_dynamic_retime" name="test_post_fk_headroom_retry_has_strict_monotonic_witness" time="0.044" /><testcase classname="tests.test_dynamic_retime" name="test_post_fk_extra_stretch_with_three_frame_flight_is_quarantined" time="0.042" /><testcase classname="tests.test_dynamic_retime" name="test_unknown_frame_aligned_array_is_rejected" time="0.030" /><testcase classname="tests.test_dynamic_retime" name="test_production_train_scale_plan_regression_matches_frozen_audit" time="4.362" /><testcase classname="tests.test_evaluation_metrics" name="test_contact_scores_include_pooled_f1_and_reject_invalid_counts" time="0.000" /><testcase classname="tests.test_evaluation_metrics" name="test_suite_acceptance_exposes_exact_paths_and_passes_all_thresholds" time="0.000" /><testcase classname="tests.test_evaluation_metrics" name="test_each_failed_threshold_fails_closed[None-successful_motion_end_episodes-9-all_first_episodes_successful]" time="0.000" /><testcase classname="tests.test_evaluation_metrics" name="test_each_failed_threshold_fails_closed[None-completion_ratio_mean-0.89-macro_completion_ratio]" time="0.000" /><testcase classname="tests.test_evaluation_metrics" name="test_each_failed_threshold_fails_closed[macro_motion_metrics-mean_absolute_joint_error_rad-0.21-macro_joint_mae_rad]" time="0.000" /><testcase classname="tests.test_evaluation_metrics" name="test_each_failed_threshold_fails_closed[macro_motion_metrics-mean_root_position_error_m-0.21-macro_root_position_error_m]" time="0.000" /><testcase classname="tests.test_evaluation_metrics" name="test_each_failed_threshold_fails_closed[macro_motion_metrics-mean_tracking_body_position_error_m-0.16-macro_tracking_body_position_error_m]" time="0.000" /><testcase classname="tests.test_evaluation_metrics" name="test_each_failed_threshold_fails_closed[aggregate_foot_contact-overall-value5-pooled_contact_f1]" time="0.000" /><testcase classname="tests.test_evaluation_metrics" name="test_each_failed_threshold_fails_closed[weighted_frame_or_element_metrics-raw_action_clip_fraction-0.06-weighted_raw_action_clip_fraction]" time="0.000" /><testcase classname="tests.test_evaluation_metrics" name="test_each_failed_threshold_fails_closed[termination_counts-nonfinite-1-nonfinite_terminations]" time="0.000" /><testcase classname="tests.test_evaluation_metrics" name="test_each_failed_threshold_fails_closed[termination_counts-joint_limits-1-joint_limit_terminations]" time="0.000" /><testcase classname="tests.test_evaluation_metrics" name="test_missing_metric_fails_closed" time="0.000" /><testcase classname="tests.test_evaluation_metrics" name="test_direct_motion_without_promoted_manifest_is_not_finalizable" time="0.000" /><testcase classname="tests.test_final_artifacts" name="test_finalizer_recovery_constants_match_the_live_task_contract" time="0.000" /><testcase classname="tests.test_final_artifacts" name="test_complete_dynamic_snapshot_requires_exhaustive_acceptance" time="0.383" /><testcase classname="tests.test_final_artifacts" name="test_dynamic_plan_must_cover_source_as_promoted_plus_quarantine" time="0.155" /><testcase classname="tests.test_final_artifacts" name="test_dynamic_promoted_archive_checksum_is_recomputed" time="0.157" /><testcase classname="tests.test_final_artifacts" name="test_model599_policy_only_initialization_witness_fails_closed[optimizer_loaded]" time="0.209" /><testcase classname="tests.test_final_artifacts" name="test_model599_policy_only_initialization_witness_fails_closed[optimizer_state_nonzero]" time="0.209" /><testcase classname="tests.test_final_artifacts" name="test_model599_policy_only_initialization_witness_fails_closed[wrong_source_iteration]" time="0.216" /><testcase classname="tests.test_final_artifacts" name="test_final_suite_rejects_one_failed_dynamic_promoted_motion" time="0.222" /><testcase classname="tests.test_final_artifacts" name="test_representative_key_is_bound_to_dynamic_test_manifest" time="0.229" /><testcase classname="tests.test_final_artifacts" name="test_explicit_professor_report_outside_accad_is_rejected_without_outputs" time="0.052" /><testcase classname="tests.test_final_artifacts" name="test_suite_checkpoint_mismatch_is_rejected_without_outputs" time="0.223" /><testcase classname="tests.test_final_artifacts" name="test_short_training_cannot_be_finalized" time="0.307" /><testcase classname="tests.test_final_artifacts" name="test_non_fresh_training_cannot_be_finalized[__missing__]" time="0.164" /><testcase classname="tests.test_final_artifacts" name="test_non_fresh_training_cannot_be_finalized[model_0.pt]" time="0.164" /><testcase classname="tests.test_final_artifacts" name="test_fixed_lr_recovery_contract_cannot_be_forged[wrong_contract_version-final recovery tracking contract]" time="0.200" /><testcase classname="tests.test_final_artifacts" name="test_fixed_lr_recovery_contract_cannot_be_forged[adaptive_schedule-training recovery PPO contract mismatch]" time="0.202" /><testcase classname="tests.test_final_artifacts" name="test_fixed_lr_recovery_contract_cannot_be_forged[wrong_configured_lr-training recovery PPO contract mismatch]" time="0.200" /><testcase classname="tests.test_final_artifacts" name="test_fixed_lr_recovery_contract_cannot_be_forged[wrong_desired_kl-training recovery PPO contract mismatch]" time="0.200" /><testcase classname="tests.test_final_artifacts" name="test_fixed_lr_recovery_contract_cannot_be_forged[random_episode_length-must disable runner episode-length randomization]" time="0.200" /><testcase classname="tests.test_final_artifacts" name="test_fixed_lr_recovery_contract_cannot_be_forged[wrong_objective_schema-training recovery objective schema mismatch]" time="0.200" /><testcase classname="tests.test_final_artifacts" name="test_fixed_lr_recovery_contract_cannot_be_forged[wrong_reset_noise_scale-training reset-state noise scale mismatch]" time="0.199" /><testcase classname="tests.test_final_artifacts" name="test_fixed_lr_recovery_contract_cannot_be_forged[nonzero_resolved_noise-reset-state noise must be zero]" time="0.201" /><testcase classname="tests.test_final_artifacts" name="test_fixed_lr_recovery_contract_cannot_be_forged[wrong_alive_weight-training recovery reward weights mismatch]" time="0.200" /><testcase classname="tests.test_final_artifacts" name="test_fixed_lr_recovery_contract_cannot_be_forged[wrong_failure_weight-training recovery reward weights mismatch]" time="0.200" /><testcase classname="tests.test_final_artifacts" name="test_fixed_lr_recovery_contract_cannot_be_forged[wrong_executed_algorithm_lr-executed PPO learning rate differs from the recovery contract]" time="0.209" /><testcase classname="tests.test_final_artifacts" name="test_fixed_lr_recovery_contract_cannot_be_forged[empty_executed_optimizer_lrs-executed PPO learning rate differs from the recovery contract]" time="0.210" /><testcase classname="tests.test_final_artifacts" name="test_fixed_lr_recovery_contract_cannot_be_forged[wrong_executed_optimizer_lr-executed PPO learning rate differs from the recovery contract]" time="0.208" /><testcase classname="tests.test_final_artifacts" name="test_training_runtime_sidecar_must_equal_embedded_contract" time="0.208" /><testcase classname="tests.test_final_artifacts" name="test_suite_runtime_sidecar_must_equal_embedded_contract[validation]" time="0.220" /><testcase classname="tests.test_final_artifacts" name="test_suite_runtime_sidecar_must_equal_embedded_contract[test]" time="0.225" /><testcase classname="tests.test_final_artifacts" name="test_v5_observation_and_live_tensor_contract_mutations_fail_closed[training_summary-wrong_term_order-training observation contract differs from the canonical v5 contract]" time="0.201" /><testcase classname="tests.test_final_artifacts" name="test_v5_observation_and_live_tensor_contract_mutations_fail_closed[validation_report-wrong_frame-validation suite observation contract differs from the canonical v5 contract]" time="0.224" /><testcase classname="tests.test_final_artifacts" name="test_v5_observation_and_live_tensor_contract_mutations_fail_closed[representative_report-wrong_scale-representative held-out test observation contract differs from the canonical v5 contract]" time="0.230" /><testcase classname="tests.test_final_artifacts" name="test_v5_observation_and_live_tensor_contract_mutations_fail_closed[test_report-wrong_live_dimension-test suite live tensor contract differs from the resolved v5 layout]" time="0.223" /><testcase classname="tests.test_final_artifacts" name="test_production_physics_warmup_witness_mutations_fail_closed[training_summary-schema]" time="0.201" /><testcase classname="tests.test_final_artifacts" name="test_production_physics_warmup_witness_mutations_fail_closed[validation_report-disabled]" time="0.219" /><testcase classname="tests.test_final_artifacts" name="test_production_physics_warmup_witness_mutations_fail_closed[test_report-requested_steps]" time="0.226" /><testcase classname="tests.test_final_artifacts" name="test_production_physics_warmup_witness_mutations_fail_closed[representative_report-executed_steps]" time="0.229" /><testcase classname="tests.test_final_artifacts" name="test_production_physics_warmup_witness_mutations_fail_closed[training_summary-action_dimension]" time="0.203" /><testcase classname="tests.test_final_artifacts" name="test_production_physics_warmup_witness_mutations_fail_closed[validation_report-policy_inference]" time="0.222" /><testcase classname="tests.test_final_artifacts" name="test_production_physics_warmup_witness_mutations_fail_closed[test_report-post_reset_passed]" time="0.225" /><testcase classname="tests.test_final_artifacts" name="test_production_physics_warmup_witness_mutations_fail_closed[representative_report-frame_zero]" time="0.231" /><testcase classname="tests.test_final_artifacts" name="test_production_physics_warmup_witness_mutations_fail_closed[training_summary-episode_counters]" time="0.204" /><testcase classname="tests.test_final_artifacts" name="test_production_physics_warmup_witness_mutations_fail_closed[validation_report-action_state]" time="0.218" /><testcase classname="tests.test_final_artifacts" name="test_production_physics_warmup_witness_mutations_fail_closed[test_report-reset_buffer]" time="0.225" /><testcase classname="tests.test_final_artifacts" name="test_production_physics_warmup_witness_mutations_fail_closed[representative_report-reference_state]" time="0.230" /><testcase classname="tests.test_final_artifacts" name="test_production_physics_warmup_witness_mutations_fail_closed[training_summary-finite_observation]" time="0.202" /><testcase classname="tests.test_final_artifacts" name="test_production_physics_warmup_witness_mutations_fail_closed[representative_report-video_before_warmup]" time="0.231" /><testcase classname="tests.test_final_artifacts" name="test_production_physics_warmup_request_metadata_is_required[training_summary-report]" time="0.166" /><testcase classname="tests.test_final_artifacts" name="test_production_physics_warmup_request_metadata_is_required[validation_report-evaluation_contract]" time="0.221" /><testcase classname="tests.test_final_artifacts" name="test_production_physics_warmup_request_metadata_is_required[representative_report-report]" time="0.227" /><testcase classname="tests.test_final_artifacts" name="test_suite_resolved_evaluation_isolation_fails_closed[random_start]" time="0.220" /><testcase classname="tests.test_final_artifacts" name="test_suite_resolved_evaluation_isolation_fails_closed[observation_corruption]" time="0.220" /><testcase classname="tests.test_final_artifacts" name="test_suite_resolved_evaluation_isolation_fails_closed[active_event]" time="0.219" /><testcase classname="tests.test_final_artifacts" name="test_suite_resolved_evaluation_isolation_fails_closed[enhanced_determinism]" time="0.218" /><testcase classname="tests.test_final_artifacts" name="test_suite_resolved_evaluation_isolation_fails_closed[reset_noise]" time="0.217" /><testcase classname="tests.test_final_artifacts" name="test_suite_resolved_evaluation_isolation_fails_closed[evaluation_reward]" time="0.218" /><testcase classname="tests.test_final_artifacts" name="test_suite_resolved_evaluation_isolation_fails_closed[boolean_type_alias]" time="0.219" /><testcase classname="tests.test_final_artifacts" name="test_evaluation_action_path_fails_closed[validation_report-policy_action_clip-1.0-validation suite]" time="0.219" /><testcase classname="tests.test_final_artifacts" name="test_evaluation_action_path_fails_closed[validation_report-physical_action_clip-0.5-validation suite]" time="0.219" /><testcase classname="tests.test_final_artifacts" name="test_evaluation_action_path_fails_closed[representative_report-policy_action_clip-1.0-representative held-out test]" time="0.229" /><testcase classname="tests.test_final_artifacts" name="test_evaluation_action_path_fails_closed[representative_report-physical_action_clip-0.5-representative held-out test]" time="0.228" /><testcase classname="tests.test_final_artifacts" name="test_inconsistent_training_motion_sampling_cannot_be_finalized" time="0.210" /><testcase classname="tests.test_final_artifacts" name="test_balanced_fixed_training_assignment_cannot_be_forged[mapping_digest-deterministic balanced-fixed production contract]" time="0.210" /><testcase classname="tests.test_final_artifacts" name="test_balanced_fixed_training_assignment_cannot_be_forged[environment_count-deterministic balanced-fixed production contract]" time="0.210" /><testcase classname="tests.test_final_artifacts" name="test_balanced_fixed_training_assignment_cannot_be_forged[all_nonzero_witness-deterministic balanced-fixed production contract]" time="0.210" /><testcase classname="tests.test_final_artifacts" name="test_balanced_fixed_training_assignment_cannot_be_forged[live_mapping_witness-live-command mapping witness]" time="0.210" /><testcase classname="tests.test_final_artifacts" name="test_balanced_fixed_training_assignment_cannot_be_forged[top_level_disagreement-top-level training motion assignment differs]" time="0.209" /><testcase classname="tests.test_final_artifacts" name="test_balanced_fixed_training_assignment_cannot_be_forged[sampling_mode-does not use balanced-fixed assignment]" time="0.210" /><testcase classname="tests.test_final_artifacts" name="test_suite_motion_identity_mapping_cannot_be_forged" time="0.219" /><testcase classname="tests.test_final_artifacts" name="test_suite_float32_duration_rounding_is_accepted" time="0.305" /><testcase classname="tests.test_final_artifacts" name="test_representative_video_inspection_mismatch_is_rejected" time="0.230" /><testcase classname="tests.test_g1_validation" name="test_nominal_archive_passes_independent_kinematic_gate" time="0.049" /><testcase classname="tests.test_g1_validation" name="test_current_b3_archive_passes_all_offline_gate3_groups" time="0.132" /><testcase classname="tests.test_g1_validation" name="test_policy_sdk_mismatch_is_detected" time="0.055" /><testcase classname="tests.test_g1_validation" name="test_pinocchio_fk_and_provenance_tampering_are_detected" time="0.055" /><testcase classname="tests.test_g1_validation" name="test_pinocchio_endpoint_roundoff_does_not_false_fail_body_velocity" time="0.055" /><testcase classname="tests.test_g1_validation" name="test_endpoint_velocity_corruption_is_caught_by_serialized_position_check" time="0.055" /><testcase classname="tests.test_g1_validation" name="test_soft_limit_is_a_required_gate_but_acceleration_is_report_only" time="0.049" /><testcase classname="tests.test_g1_validation" name="test_exact_support_spheres_detect_penetration_and_contact_slip" time="0.096" /><testcase classname="tests.test_g1_validation" name="test_object_array_is_never_unpickled" time="0.036" /><testcase classname="tests.test_g1_validation" name="test_legacy_foot_contact_archive_uses_sole_fallback" time="0.052" /><testcase classname="tests.test_gate3_manifests" name="test_complete_snapshot_builds_checksummed_split_manifests" time="0.012" /><testcase classname="tests.test_gate3_manifests" name="test_archive_tampering_is_rejected_before_any_manifest_is_written" time="0.003" /><testcase classname="tests.test_gate3_manifests" name="test_incomplete_batch_requires_explicit_partial_mode" time="0.010" /><testcase classname="tests.test_gate3_manifests" name="test_jsonl_summary_checksum_mismatch_is_rejected" time="0.003" /><testcase classname="tests.test_gate5_outcome" name="test_terminal_failure_distinguishes_execution_from_acceptance" time="0.006" /><testcase classname="tests.test_gate5_outcome" name="test_terminal_failure_snapshot_detects_source_mutation" time="0.004" /><testcase classname="tests.test_gate5_outcome" name="test_terminal_failure_rejects_non_official_validation_evidence[passed]" time="0.002" /><testcase classname="tests.test_gate5_outcome" name="test_terminal_failure_rejects_non_official_validation_evidence[test]" time="0.002" /><testcase classname="tests.test_gate5_outcome" name="test_terminal_failure_rejects_non_official_validation_evidence[diagnostic]" time="0.002" /><testcase classname="tests.test_gate5_outcome" name="test_terminal_failure_requires_final_training_checkpoint" time="0.002" /><testcase classname="tests.test_gate5_outcome" name="test_terminal_failure_refuses_positive_final_artifacts" time="0.003" /><testcase classname="tests.test_human" name="test_loader_uses_no_pickle_and_splits_hands_exactly" time="0.010" /><testcase classname="tests.test_human" name="test_loader_rejects_wrong_hand_width" time="0.002" /><testcase classname="tests.test_human" name="test_loader_rejects_component_mismatch" time="0.002" /><testcase classname="tests.test_human" name="test_preflight_reports_missing_licensed_model_and_prepends_vendor" time="0.002" /><testcase classname="tests.test_human" name="test_preflight_inspects_present_but_invalid_model" time="0.001" /><testcase classname="tests.test_human" name="test_production_matrix_conversion_enforces_quaternion_sign_continuity" time="0.006" /><testcase classname="tests.test_human" name="test_human_resampling_wrappers_and_parent_accumulation" time="0.003" /><testcase classname="tests.test_human" name="test_name_verified_ground_and_contact_hysteresis" time="0.003" /><testcase classname="tests.test_human" name="test_adaptive_ground_tracks_slow_fit_drift" time="0.020" /><testcase classname="tests.test_human" name="test_adaptive_ground_does_not_follow_a_slow_jump_apex" time="0.012" /><testcase classname="tests.test_human" name="test_contact_resampling_uses_majority_and_nearest_tie" time="0.000" /><testcase classname="tests.test_math3d" name="test_identity_and_rotation_round_trips" time="0.001" /><testcase classname="tests.test_math3d" name="test_quaternion_product_conjugate_and_sign_continuity" time="0.000" /><testcase classname="tests.test_math3d" name="test_world_and_local_angular_velocity_conventions" time="0.001" /><testcase classname="tests.test_math3d" name="test_so3_geodesic_steps_are_angles_not_axis_angle_differences" time="0.000" /><testcase classname="tests.test_math3d" name="test_target_grid_and_slerp_preserve_duration_endpoints_and_shape" time="0.001" /><testcase classname="tests.test_math3d" name="test_antialiased_translation_resampling_shape_endpoints_and_finiteness" time="0.002" /><testcase classname="tests.test_motion_library" name="test_vectorized_linear_and_shortest_quaternion_interpolation" time="0.011" /><testcase classname="tests.test_motion_library" name="test_contact_modes_terminal_clamping_and_future_shape" time="0.007" /><testcase classname="tests.test_motion_library" name="test_deterministic_sampling_and_valid_start_bounds" time="0.014" /><testcase classname="tests.test_motion_library" name="test_contract_checksum_order_and_completion_are_enforced" time="0.014" /><testcase classname="tests.test_motion_library" name="test_gate1_split_manifest_resolution_is_sorted_and_hashed" time="0.010" /><testcase classname="tests.test_motion_library" name="test_gate3_manifest_checksum_and_path_confinement" time="0.006" /><testcase classname="tests.test_motion_library" name="test_current_b3_gate3_archive_is_compatible_when_present" time="0.012" /><testcase classname="tests.test_parallel_batch" name="test_shard_plan_is_deterministic_disjoint_and_loadable" time="0.029" /><testcase classname="tests.test_parallel_batch" name="test_plan_applies_global_prefix_before_sharding_and_rejects_bad_counts" time="0.009" /><testcase classname="tests.test_parallel_batch" name="test_plan_only_never_launches_workers_or_canonical_batch" time="0.007" /><testcase classname="tests.test_parallel_batch" name="test_orchestrator_canonicalizes_after_isolated_worker_problem" time="0.011" /><testcase classname="tests.test_parallel_batch" name="test_worker_status_records_success_and_version_mismatch" time="0.004" /><testcase classname="tests.test_physics_warmup" name="test_warmup_step_validation_and_disabled_contract" time="0.000" /><testcase classname="tests.test_physics_warmup" name="test_nested_observation_witness_is_finite_and_json_safe" time="0.001" /><testcase classname="tests.test_physics_warmup" name="test_observation_witness_rejects_invalid_leaves_and_nonfinite_values" time="0.001" /><testcase classname="tests.test_physics_warmup" name="test_post_reset_witness_enforces_frame_zero_episode_and_action_state" time="0.001" /><testcase classname="tests.test_physics_warmup" name="test_post_reset_witness_fails_closed_on_nonzero_or_wrong_action_shape" time="0.001" /><testcase classname="tests.test_retarget" name="test_contact_runs_include_boundaries" time="0.000" /><testcase classname="tests.test_retarget" name="test_long_stance_runs_get_explicit_reanchor_boundaries" time="0.000" /><testcase classname="tests.test_retarget" name="test_heel_and_toe_targets_lock_independently" time="0.001" /><testcase classname="tests.test_retarget" name="test_stance_is_stricter_than_contact_for_a_sliding_toe" time="0.000" /><testcase classname="tests.test_retarget" name="test_long_slow_contact_is_split_into_bounded_stance_runs" time="0.000" /><testcase classname="tests.test_retarget" name="test_non_upright_contact_is_not_promoted_to_stance" time="0.000" /><testcase classname="tests.test_retarget" name="test_output_stance_refinement_removes_retained_g1_slide" time="0.001" /><testcase classname="tests.test_retarget" name="test_ground_projection_is_feasible_even_after_optimizer_limit_saturates" time="0.021" /><testcase classname="tests.test_retarget" name="test_default_support_geometry_matches_urdf_spheres" time="0.017" /><testcase classname="tests.test_tensorboard_dashboard" name="test_statistics_are_finite_and_use_expected_percentiles" time="0.000" /><testcase classname="tests.test_tensorboard_dashboard" name="test_markdown_table_escapes_cells_and_checks_width" time="0.000" /><testcase classname="tests.test_tensorboard_dashboard" name="test_dashboard_output_is_confined_to_generated_tensorboard_root" time="0.001" /><testcase classname="tests.test_tensorboard_dashboard" name="test_retarget_metric_extraction_reduces_sides_and_channels" time="0.000" /><testcase classname="tests.test_tensorboard_dashboard" name="test_section_writer_creates_scalar_histogram_series_and_text" time="0.207" /><testcase classname="tests.test_tensorboard_dashboard" name="test_selected_training_series_reads_only_required_curves" time="0.003" /><testcase classname="tests.test_tensorboard_dashboard" name="test_cli_exposes_independent_tensorboard_command" time="0.003" /><testcase classname="tests.test_tracking_task" name="test_default_action_and_observation_dimensions_are_exact" time="0.000" /><testcase classname="tests.test_tracking_task" name="test_v6_observation_contract_has_exact_names_dimensions_ranges_and_scales" time="0.001" /><testcase classname="tests.test_tracking_task" name="test_fixed_lr_recovery_contract_is_explicit" time="0.000" /><testcase classname="tests.test_tracking_task" name="test_terminal_failure_impulse_cancels_reward_manager_dt_exactly" time="0.000" /><testcase classname="tests.test_tracking_task" name="test_terminal_failure_impulse_is_dt_invariant_after_integration" time="0.001" /><testcase classname="tests.test_tracking_task" name="test_runner_action_noise_std_is_explicit_and_validated" time="0.000" /><testcase classname="tests.test_tracking_task" name="test_loaded_policy_action_noise_override_is_exact[scalar]" time="0.001" /><testcase classname="tests.test_tracking_task" name="test_loaded_policy_action_noise_override_is_exact[log]" time="0.001" /><testcase classname="tests.test_tracking_task" name="test_policy_action_noise_contract_rejects_unsupported_layouts[True-log-log_std-shape0]" time="0.001" /><testcase classname="tests.test_tracking_task" name="test_policy_action_noise_contract_rejects_unsupported_layouts[False-unknown-log_std-shape1]" time="0.000" /><testcase classname="tests.test_tracking_task" name="test_policy_action_noise_contract_rejects_unsupported_layouts[False-log-missing-shape2]" time="0.000" /><testcase classname="tests.test_tracking_task" name="test_policy_action_noise_contract_rejects_unsupported_layouts[False-scalar-std-shape3]" time="0.000" /><testcase classname="tests.test_tracking_task" name="test_ppo_learning_rate_override_updates_algorithm_and_all_optimizer_groups" time="0.000" /><testcase classname="tests.test_tracking_task" name="test_ppo_learning_rate_override_fails_closed_on_invalid_inputs_and_layouts" time="0.000" /><testcase classname="tests.test_tracking_task" name="test_recovery_training_objective_validation_fails_closed" time="0.000" /><testcase classname="tests.test_tracking_task" name="test_fixed_motion_ids_preserve_scalar_and_per_environment_contracts" time="0.000" /><testcase classname="tests.test_tracking_task" name="test_balanced_fixed_training_assignment_has_exact_coverage_contract" time="0.001" /><testcase classname="tests.test_tracking_task" name="test_training_assignment_digest_is_deterministic_and_binds_motion_order" time="0.000" /><testcase classname="tests.test_tracking_task" name="test_episode_uniform_training_assignment_records_no_false_finite_witness" time="0.000" /><testcase classname="tests.test_tracking_task" name="test_training_assignment_rejects_unprovable_or_ambiguous_contracts" time="0.000" /><testcase classname="tests.test_tracking_task" name="test_root_frame_vector_error_fixes_sign_and_actual_root_frame" time="0.001" /><testcase classname="tests.test_tracking_task" name="test_target_root_vector_uses_measured_pelvis_frame_and_is_world_yaw_invariant" time="0.001" /><testcase classname="tests.test_tracking_task" name="test_positive_horizon_root_preview_excludes_h0_and_uses_actual_pelvis_frame" time="0.001" /><testcase classname="tests.test_tracking_task" name="test_positive_horizon_root_preview_is_global_pose_and_quaternion_sign_invariant" time="0.003" /><testcase classname="tests.test_tracking_task" name="test_root_command_and_preview_helpers_reject_invalid_or_nonfinite_inputs" time="0.001" /><testcase classname="tests.test_tracking_task" name="test_live_tracking_tensor_contract_witnesses_exact_manager_axes" time="0.001" /><testcase classname="tests.test_tracking_task" name="test_live_tracking_tensor_contract_fails_closed_on_axis_drift[term_order]" time="0.000" /><testcase classname="tests.test_tracking_task" name="test_live_tracking_tensor_contract_fails_closed_on_axis_drift[term_shape]" time="0.000" /><testcase classname="tests.test_tracking_task" name="test_live_tracking_tensor_contract_fails_closed_on_axis_drift[group_shape]" time="0.000" /><testcase classname="tests.test_tracking_task" name="test_live_tracking_tensor_contract_fails_closed_on_axis_drift[not_concatenated]" time="0.000" /><testcase classname="tests.test_tracking_task" name="test_live_tracking_tensor_contract_fails_closed_on_axis_drift[action_name]" time="0.000" /><testcase classname="tests.test_tracking_task" name="test_live_tracking_tensor_contract_fails_closed_on_axis_drift[action_dimension]" time="0.000" /><testcase classname="tests.test_tracking_task" name="test_live_tracking_tensor_contract_fails_closed_on_axis_drift[velocity_feedforward_scale]" time="0.000" /><testcase classname="tests.test_tracking_task" name="test_live_tracking_tensor_contract_fails_closed_on_axis_drift[horizons]" time="0.000" /><testcase classname="tests.test_tracking_task" name="test_frame_zero_start_mixture_edges_seed_and_ratio" time="0.002" /><testcase classname="tests.test_tracking_task" name="test_raw_action_excess_penalty_only_sees_values_outside_safe_clip" time="0.001" /><testcase classname="tests.test_tracking_task" name="test_action_boundary_margin_warns_before_clip_without_hiding_raw_action" time="0.001" /><testcase classname="tests.test_tracking_task" name="test_action_limiter_request_gap_exposes_rejected_policy_request" time="0.001" /><testcase classname="tests.test_tracking_task" name="test_motion_time_does_not_advance_on_auto_reset_step" time="0.001" /><testcase classname="tests.test_tracking_task" name="test_deterministic_suite_zero_actions_never_call_a_checkpoint_policy" time="0.000" /><testcase classname="tests.test_tracking_task" name="test_deterministic_suite_checkpoint_actions_require_and_call_policy" time="0.001" /><testcase classname="tests.test_tracking_task" name="test_fixed_motion_ids_reject_ambiguous_or_invalid_mappings[kwargs0-mutually exclusive]" time="0.000" /><testcase classname="tests.test_tracking_task" name="test_fixed_motion_ids_reject_ambiguous_or_invalid_mappings[kwargs1-one index per environment]" time="0.000" /><testcase classname="tests.test_tracking_task" name="test_fixed_motion_ids_reject_ambiguous_or_invalid_mappings[kwargs2-outside the loaded range]" time="0.000" /><testcase classname="tests.test_tracking_task" name="test_fixed_motion_ids_reject_ambiguous_or_invalid_mappings[kwargs3-not an integer]" time="0.000" /><testcase classname="tests.test_tracking_task" name="test_suite_success_requires_clean_motion_end_without_hard_failure" time="0.000" /><testcase classname="tests.test_tracking_task" name="test_xy_yaw_alignment_hits_target_and_preserves_reference_z" time="0.001" /><testcase classname="tests.test_tracking_task" name="test_alignment_broadcasts_over_future_horizon_and_body_axes" time="0.001" /><testcase classname="tests.test_tracking_task" name="test_reference_residual_contract_clips_rate_limits_and_soft_clamps" time="0.001" /><testcase classname="tests.test_tracking_task" name="test_reference_residual_hard_mode_and_optional_rate_limit" time="0.001" /><testcase classname="tests.test_tracking_task" name="test_reference_velocity_target_scales_and_clamps_symmetric_limits" time="0.000" /><testcase classname="tests.test_tracking_task" name="test_reference_velocity_target_rejects_unsafe_contracts[reference0-1.0-limits0-finite tensor]" time="0.000" /><testcase classname="tests.test_tracking_task" name="test_reference_velocity_target_rejects_unsafe_contracts[reference1--0.1-limits1-non-negative]" time="0.000" /><testcase classname="tests.test_tracking_task" name="test_reference_velocity_target_rejects_unsafe_contracts[reference2-True-limits2-non-negative]" time="0.000" /><testcase classname="tests.test_tracking_task" name="test_reference_velocity_target_rejects_unsafe_contracts[reference3-1.0-limits3-must match]" time="0.001" /><testcase classname="tests.test_tracking_task" name="test_reference_velocity_target_rejects_unsafe_contracts[reference4-1.0-limits4-strictly positive]" time="0.001" /><testcase classname="tests.test_tracking_task" name="test_reference_aware_fall_allows_valid_floor_motion_and_rejects_deviation" time="0.001" /><testcase classname="tests.test_tracking_task" name="test_reference_aware_fall_rejects_upright_height_loss_and_pelvis_impact" time="0.001" /><testcase classname="tests.test_tracking_task" name="test_reference_aware_fall_components_identify_each_exact_subcause" time="0.001" /><testcase classname="tests.test_tracking_task" name="test_tracking_divergence_components_preserve_strict_thresholds" time="0.000" /><testcase classname="tests.test_tracking_task" name="test_tracking_divergence_risk_uses_exact_thresholds_and_max_aggregation" time="0.001" /><testcase classname="tests.test_tracking_task" name="test_torque_effort_ratios_expose_requested_but_not_applied_saturation" time="0.000" /><testcase classname="tests.test_tracking_task" name="test_reference_residual_rejects_ambiguous_contracts[kwargs0-requires soft_limits]" time="0.000" /><testcase classname="tests.test_tracking_task" name="test_reference_residual_rejects_ambiguous_contracts[kwargs1-must be 'soft' or 'hard']" time="0.000" /><testcase classname="tests.test_tracking_task" name="test_reference_residual_rejects_ambiguous_contracts[kwargs2-positive or None]" time="0.000" /><testcase classname="tests.test_tracking_task" name="test_actual_b3_reference_satisfies_tracking_action_and_alignment_contract" time="0.013" /><testcase classname="tests.test_tracking_task" name="test_motion_path_confinement_and_cpu_dependency_message" time="0.001" /><testcase classname="tests.test_training_io" name="test_path_below_rejects_escape" time="0.001" /><testcase classname="tests.test_training_io" name="test_direct_motion_resolution_is_unique_sorted_and_limited" time="0.001" /><testcase classname="tests.test_training_io" name="test_manifest_resolution_merges_inputs_and_enforces_archive_checksum" time="0.002" /><testcase classname="tests.test_training_io" name="test_artifacts_and_atomic_json_remain_under_training_root" time="0.010" /><testcase classname="tests.test_training_io" name="test_latest_checkpoint_selection_is_local_and_deterministic" time="0.003" /><testcase classname="tests.test_training_io" name="test_checkpoint_provenance_binds_completed_run_and_dynamics_contract" time="0.001" /><testcase classname="tests.test_training_io" name="test_checkpoint_provenance_reports_missing_parent_metadata" time="0.001" /><testcase classname="tests.test_training_io" name="test_training_checkpoint_cli_modes_are_mutually_exclusive" time="0.002" /><testcase classname="tests.test_training_io" name="test_policy_initialization_checkpoint_must_be_accad_internal_model_file" time="0.003" /><testcase classname="tests.test_training_io" name="test_policy_only_initialization_loads_normalizers_and_keeps_runner_fresh" time="0.004" /><testcase classname="tests.test_training_io" name="test_policy_initialization_rejects_checkpoint_payload_contract_errors" time="0.006" /><testcase classname="tests.test_training_io" name="test_policy_initialization_rejects_architecture_mismatch_before_mutation" time="0.003" /><testcase classname="tests.test_training_io" name="test_policy_initialization_requires_a_fresh_runner[1-0-False-iteration 0 before]" time="0.003" /><testcase classname="tests.test_training_io" name="test_policy_initialization_requires_a_fresh_runner[0-32-False-0 timesteps before]" time="0.003" /><testcase classname="tests.test_training_io" name="test_policy_initialization_requires_a_fresh_runner[0-0-True-optimizer must be fresh before]" time="0.003" /></testsuite></testsuites>